<?xml version="1.0" encoding="UTF-8"?>
<!-- Generated by org.testng.reporters.JUnitXMLReporter -->
<testsuite hostname="DESKTOP-71MVPRD" ignored="0" name="Default test" tests="3" failures="0" timestamp="2024-09-09T14:14:52 IST" time="27.83" errors="0">
  <testcase name="setup" time="19.363" classname="Amazon.AmazonCheckoutTest"/>
  <testcase name="search" time="7.2" classname="Amazon.AmazonCheckoutTest"/>
  <testcase name="tearof" time="1.18" classname="Amazon.AmazonCheckoutTest"/>
</testsuite> <!-- Default test -->
