<?xml version="1.0" encoding="UTF-8"?>
<!-- Generated by org.testng.reporters.JUnitXMLReporter -->
<testsuite hostname="DESKTOP-71MVPRD" ignored="4" name="Test" tests="12" failures="0" timestamp="2024-09-09T14:33:47 IST" time="51.59" errors="0">
  <testcase name="OpenBrowserAndHandleCaptcha" time="20.79" classname="Amazon.AmazonCheckoutTest"/>
  <testcase name="Searchfortheproduct" time="6.479" classname="Amazon.AmazonCheckoutTest"/>
  <testcase name="clickonfirstproduct" time="9.332" classname="Amazon.AmazonCheckoutTest"/>
  <testcase name="addfilter" time="1.619" classname="Amazon.AmazonCheckoutTest"/>
  <testcase name="addcart" time="7.087" classname="Amazon.AmazonCheckoutTest"/>
  <testcase name="verifycartproduct" time="0.453" classname="Amazon.AmazonCheckoutTest"/>
  <testcase name="clickcheckout" time="2.055" classname="Amazon.AmazonCheckoutTest"/>
  <testcase name="enterUsername" time="0.215" classname="Amazon.AmazonCheckoutTest"/>
  <testcase name="clickContinuebttn" time="1.944" classname="Amazon.AmazonCheckoutTest"/>
  <testcase name="enterPassword" time="0.131" classname="Amazon.AmazonCheckoutTest"/>
  <testcase name="clickSignIn" time="0.164" classname="Amazon.AmazonCheckoutTest"/>
  <testcase name="tearof" time="1.16" classname="Amazon.AmazonCheckoutTest"/>
  <testcase name="placeOrder" time="0.0" classname="Amazon.AmazonCheckoutTest">
    <ignored/>
  </testcase> <!-- placeOrder -->
  <testcase name="fillInfo" time="0.0" classname="Amazon.AmazonCheckoutTest">
    <ignored/>
  </testcase> <!-- fillInfo -->
  <testcase name="useaddress" time="0.0" classname="Amazon.AmazonCheckoutTest">
    <ignored/>
  </testcase> <!-- useaddress -->
  <testcase name="paymentInfo" time="0.0" classname="Amazon.AmazonCheckoutTest">
    <ignored/>
  </testcase> <!-- paymentInfo -->
</testsuite> <!-- Test -->
