<?xml version="1.0" encoding="UTF-8"?>
<testng-results skipped="0" failed="0" ignored="4" total="16" passed="12">
  <reporter-output>
  </reporter-output>
  <suite name="Suite" duration-ms="51590" started-at="2024-09-09T14:32:55 IST" finished-at="2024-09-09T14:33:47 IST">
    <groups>
    </groups>
    <test name="Test" duration-ms="51590" started-at="2024-09-09T14:32:55 IST" finished-at="2024-09-09T14:33:47 IST">
      <class name="Amazon.AmazonCheckoutTest">
        <test-method status="PASS" signature="OpenBrowserAndHandleCaptcha()[pri:1, instance:Amazon.AmazonCheckoutTest@262b2c86]" name="OpenBrowserAndHandleCaptcha" duration-ms="20790" started-at="2024-09-09T14:32:55 IST" finished-at="2024-09-09T14:33:16 IST">
          <reporter-output>
          </reporter-output>
        </test-method> <!-- OpenBrowserAndHandleCaptcha -->
        <test-method status="PASS" signature="Searchfortheproduct()[pri:2, instance:Amazon.AmazonCheckoutTest@262b2c86]" name="Searchfortheproduct" duration-ms="6479" started-at="2024-09-09T14:33:16 IST" finished-at="2024-09-09T14:33:22 IST">
          <reporter-output>
          </reporter-output>
        </test-method> <!-- Searchfortheproduct -->
        <test-method status="PASS" signature="clickonfirstproduct()[pri:3, instance:Amazon.AmazonCheckoutTest@262b2c86]" name="clickonfirstproduct" duration-ms="9332" started-at="2024-09-09T14:33:22 IST" finished-at="2024-09-09T14:33:32 IST">
          <reporter-output>
          </reporter-output>
        </test-method> <!-- clickonfirstproduct -->
        <test-method status="PASS" signature="addfilter()[pri:4, instance:Amazon.AmazonCheckoutTest@262b2c86]" name="addfilter" duration-ms="1619" started-at="2024-09-09T14:33:32 IST" finished-at="2024-09-09T14:33:33 IST">
          <reporter-output>
          </reporter-output>
        </test-method> <!-- addfilter -->
        <test-method status="PASS" signature="addcart()[pri:5, instance:Amazon.AmazonCheckoutTest@262b2c86]" name="addcart" duration-ms="7087" started-at="2024-09-09T14:33:33 IST" finished-at="2024-09-09T14:33:40 IST">
          <reporter-output>
          </reporter-output>
        </test-method> <!-- addcart -->
        <test-method status="PASS" signature="verifycartproduct()[pri:6, instance:Amazon.AmazonCheckoutTest@262b2c86]" name="verifycartproduct" duration-ms="453" started-at="2024-09-09T14:33:40 IST" finished-at="2024-09-09T14:33:41 IST">
          <reporter-output>
          </reporter-output>
        </test-method> <!-- verifycartproduct -->
        <test-method status="PASS" signature="clickcheckout()[pri:7, instance:Amazon.AmazonCheckoutTest@262b2c86]" name="clickcheckout" duration-ms="2055" started-at="2024-09-09T14:33:41 IST" finished-at="2024-09-09T14:33:43 IST">
          <reporter-output>
          </reporter-output>
        </test-method> <!-- clickcheckout -->
        <test-method status="PASS" signature="enterUsername()[pri:8, instance:Amazon.AmazonCheckoutTest@262b2c86]" name="enterUsername" duration-ms="215" started-at="2024-09-09T14:33:43 IST" finished-at="2024-09-09T14:33:43 IST">
          <reporter-output>
          </reporter-output>
        </test-method> <!-- enterUsername -->
        <test-method status="PASS" signature="clickContinuebttn()[pri:9, instance:Amazon.AmazonCheckoutTest@262b2c86]" name="clickContinuebttn" duration-ms="1944" started-at="2024-09-09T14:33:43 IST" finished-at="2024-09-09T14:33:45 IST">
          <reporter-output>
          </reporter-output>
        </test-method> <!-- clickContinuebttn -->
        <test-method status="PASS" signature="enterPassword()[pri:10, instance:Amazon.AmazonCheckoutTest@262b2c86]" name="enterPassword" duration-ms="131" started-at="2024-09-09T14:33:45 IST" finished-at="2024-09-09T14:33:45 IST">
          <reporter-output>
          </reporter-output>
        </test-method> <!-- enterPassword -->
        <test-method status="PASS" signature="clickSignIn()[pri:11, instance:Amazon.AmazonCheckoutTest@262b2c86]" name="clickSignIn" duration-ms="164" started-at="2024-09-09T14:33:45 IST" finished-at="2024-09-09T14:33:45 IST">
          <reporter-output>
          </reporter-output>
        </test-method> <!-- clickSignIn -->
        <test-method status="PASS" signature="tearof()[pri:16, instance:Amazon.AmazonCheckoutTest@262b2c86]" name="tearof" duration-ms="1160" started-at="2024-09-09T14:33:45 IST" finished-at="2024-09-09T14:33:47 IST">
          <reporter-output>
          </reporter-output>
        </test-method> <!-- tearof -->
      </class> <!-- Amazon.AmazonCheckoutTest -->
    </test> <!-- Test -->
  </suite> <!-- Suite -->
</testng-results>
